-------------------------------------------------------------------------------
Test set: parentTest.ParentTest
-------------------------------------------------------------------------------
Tests run: 1, Failures: 0, Errors: 1, Skipped: 0, Time elapsed: 0.003 s <<< FAILURE! - in parentTest.ParentTest
initializationError(parentTest.ParentTest)  Time elapsed: 0.003 s  <<< ERROR!
java.lang.Exception: No runnable methods

